<?xml version="1.0" encoding="UTF-8"?>
<!-- Generated by org.testng.reporters.JUnitReportReporter -->
<testsuite hostname="C02PK9CVFVH5" name="com.viacom.test.vimn.uitests.tests.clips.ClipsAutoplayTest" tests="1" failures="0" timestamp="8 May 2018 14:39:25 GMT" time="160.266" errors="0">
  <testcase name="ClipsAutoplayAndroidTest" time="160.266" classname="com.viacom.test.vimn.uitests.tests.clips.ClipsAutoplayTest"/>
</testsuite> <!-- com.viacom.test.vimn.uitests.tests.clips.ClipsAutoplayTest -->
