<?xml version="1.0" encoding="UTF-8"?>
<!-- Generated by org.testng.reporters.JUnitReportReporter -->
<testsuite hostname="C02PK9CVFVH5" name="com.viacom.test.vimn.uitests.tests.smokesuite.VideoPlaybackTogglePlayPauseTest" tests="1" failures="1" timestamp="8 May 2018 14:39:25 GMT" time="95.967" errors="0">
  <testcase name="videoPlaybackTogglePlayPauseAndroidTest" time="95.967" classname="com.viacom.test.vimn.uitests.tests.smokesuite.VideoPlaybackTogglePlayPauseTest">
    <failure type="java.lang.AssertionError" message="viacom.sc.omtrdc.net found in proxy log but actName-playbacksettingsOn Not available in log entry">
      <![CDATA[java.lang.AssertionError: viacom.sc.omtrdc.net found in proxy log but actName-playbacksettingsOn Not available in log entry
	at org.testng.Assert.fail(Assert.java:94)
	at com.viacom.test.vimn.common.omniture.OmnitureLogUtils$2.apply(OmnitureLogUtils.java:152)
	at com.viacom.test.vimn.common.omniture.OmnitureLogUtils$2.apply(OmnitureLogUtils.java:1)
	at org.openqa.selenium.support.ui.FluentWait.until(FluentWait.java:209)
	at com.viacom.test.vimn.common.omniture.OmnitureLogUtils.getPostData(OmnitureLogUtils.java:114)
	at com.viacom.test.vimn.common.omniture.OmnitureLogUtils.getActualMap(OmnitureLogUtils.java:208)
	at com.viacom.test.vimn.uitests.tests.smokesuite.VideoPlaybackTogglePlayPauseTest.videoPlaybackTogglePlayPauseAndroidTest(VideoPlaybackTogglePlayPauseTest.java:69)
	at sun.reflect.NativeMethodAccessorImpl.invoke0(Native Method)
	at sun.reflect.NativeMethodAccessorImpl.invoke(NativeMethodAccessorImpl.java:62)
	at sun.reflect.DelegatingMethodAccessorImpl.invoke(DelegatingMethodAccessorImpl.java:43)
	at java.lang.reflect.Method.invoke(Method.java:498)
	at org.testng.internal.MethodInvocationHelper.invokeMethod(MethodInvocationHelper.java:86)
	at org.testng.internal.Invoker.invokeMethod(Invoker.java:643)
	at org.testng.internal.Invoker.invokeTestMethod(Invoker.java:820)
	at org.testng.internal.Invoker.invokeTestMethods(Invoker.java:1128)
	at org.testng.internal.TestMethodWorker.invokeTestMethods(TestMethodWorker.java:129)
	at org.testng.internal.TestMethodWorker.run(TestMethodWorker.java:112)
	at java.util.concurrent.ThreadPoolExecutor.runWorker(ThreadPoolExecutor.java:1142)
	at java.util.concurrent.ThreadPoolExecutor$Worker.run(ThreadPoolExecutor.java:617)
	at java.lang.Thread.run(Thread.java:745)
]]>
    </failure>
  </testcase> <!-- videoPlaybackTogglePlayPauseAndroidTest -->
</testsuite> <!-- com.viacom.test.vimn.uitests.tests.smokesuite.VideoPlaybackTogglePlayPauseTest -->
