<?xml version="1.0" encoding="UTF-8"?>
<!-- Generated by org.testng.reporters.JUnitReportReporter -->
<testsuite hostname="C02PK9CVFVH5" name="com.viacom.test.vimn.uitests.tests.homescreen.PreviewTest" tests="1" failures="1" timestamp="7 May 2018 20:30:42 GMT" time="77.233" errors="0">
  <testcase name="previewAndroidTest" time="77.233" classname="com.viacom.test.vimn.uitests.tests.homescreen.PreviewTest">
    <failure type="java.lang.AssertionError" message="Element not visible after 0 flicks">
      <![CDATA[java.lang.AssertionError: Element not visible after 0 flicks
	at org.testng.Assert.fail(Assert.java:94)
	at com.viacom.test.vimn.common.util.Interact.waitForCarouselFlickedRightTo(Interact.java:295)
	at com.viacom.test.vimn.uitests.pageobjects.Home.flickRightToSeriesThumb(Home.java:188)
	at com.viacom.test.vimn.uitests.pageobjects.Home.verifySeriesDescriptionTxtIsVisible(Home.java:239)
	at com.viacom.test.vimn.uitests.tests.homescreen.PreviewTest.previewAndroidTest(PreviewTest.java:72)
	at sun.reflect.NativeMethodAccessorImpl.invoke0(Native Method)
	at sun.reflect.NativeMethodAccessorImpl.invoke(NativeMethodAccessorImpl.java:62)
	at sun.reflect.DelegatingMethodAccessorImpl.invoke(DelegatingMethodAccessorImpl.java:43)
	at java.lang.reflect.Method.invoke(Method.java:498)
	at org.testng.internal.MethodInvocationHelper.invokeMethod(MethodInvocationHelper.java:86)
	at org.testng.internal.Invoker.invokeMethod(Invoker.java:643)
	at org.testng.internal.Invoker.invokeTestMethod(Invoker.java:820)
	at org.testng.internal.Invoker.invokeTestMethods(Invoker.java:1128)
	at org.testng.internal.TestMethodWorker.invokeTestMethods(TestMethodWorker.java:129)
	at org.testng.internal.TestMethodWorker.run(TestMethodWorker.java:112)
	at java.util.concurrent.ThreadPoolExecutor.runWorker(ThreadPoolExecutor.java:1142)
	at java.util.concurrent.ThreadPoolExecutor$Worker.run(ThreadPoolExecutor.java:617)
	at java.lang.Thread.run(Thread.java:745)
]]>
    </failure>
  </testcase> <!-- previewAndroidTest -->
</testsuite> <!-- com.viacom.test.vimn.uitests.tests.homescreen.PreviewTest -->
