<?xml version="1.0" encoding="UTF-8"?>
<!-- Generated by org.testng.reporters.JUnitReportReporter -->
<testsuite hostname="C02PK9CVFVH5" name="com.viacom.test.vimn.uitests.tests.FiltersUnitTest.LongformFilterTest" tests="1" failures="0" timestamp="8 May 2018 14:39:23 GMT" time="16.339" errors="0">
  <testcase name="longformFilterAndroidTest" time="16.339" classname="com.viacom.test.vimn.uitests.tests.FiltersUnitTest.LongformFilterTest"/>
</testsuite> <!-- com.viacom.test.vimn.uitests.tests.FiltersUnitTest.LongformFilterTest -->
