<?xml version="1.0" encoding="UTF-8"?>
<!-- Generated by org.testng.reporters.JUnitReportReporter -->
<testsuite hostname="C02PK9CVFVH5" name="com.viacom.test.vimn.uitests.tests.FiltersUnitTest.AllShowsPropertyFilterTest" tests="1" failures="0" timestamp="8 May 2018 14:39:26 GMT" time="35.465" errors="0">
  <testcase name="allShowsPropertyFilterAndroidTest" time="35.465" classname="com.viacom.test.vimn.uitests.tests.FiltersUnitTest.AllShowsPropertyFilterTest"/>
</testsuite> <!-- com.viacom.test.vimn.uitests.tests.FiltersUnitTest.AllShowsPropertyFilterTest -->
