<?xml version="1.0" encoding="UTF-8"?>
<!-- Generated by org.testng.reporters.JUnitReportReporter -->
<testsuite hostname="Nithins-MacBook-Pro.local" name="com.viacom.test.vimn.uitests.tests.homescreen.SwipeCarouselTest" tests="1" failures="0" timestamp="18 May 2018 00:53:49 GMT" time="189.177" errors="0">
  <testcase name="swipeCarouselAndroidTest" time="189.177" classname="com.viacom.test.vimn.uitests.tests.homescreen.SwipeCarouselTest"/>
</testsuite> <!-- com.viacom.test.vimn.uitests.tests.homescreen.SwipeCarouselTest -->
