<?xml version="1.0" encoding="UTF-8"?>
<!-- Generated by org.testng.reporters.JUnitReportReporter -->
<testsuite hostname="C02PK9CVFVH5" name="com.viacom.test.vimn.uitests.tests.FiltersUnitTest.ShortformFilterTest" tests="1" failures="0" timestamp="8 May 2018 14:39:26 GMT" time="22.929" errors="0">
  <testcase name="shortformFilterAndroidTest" time="22.929" classname="com.viacom.test.vimn.uitests.tests.FiltersUnitTest.ShortformFilterTest"/>
</testsuite> <!-- com.viacom.test.vimn.uitests.tests.FiltersUnitTest.ShortformFilterTest -->
