<?xml version="1.0" encoding="UTF-8"?>
<!-- Generated by org.testng.reporters.JUnitReportReporter -->
<testsuite hostname="C02PK9CVFVH5" name="com.viacom.test.vimn.uitests.tests.showdetails.PausePlayTest" tests="1" failures="0" timestamp="8 May 2018 14:39:25 GMT" time="136.548" errors="0">
  <testcase name="pausePlayAndroidTest" time="136.548" classname="com.viacom.test.vimn.uitests.tests.showdetails.PausePlayTest"/>
</testsuite> <!-- com.viacom.test.vimn.uitests.tests.showdetails.PausePlayTest -->
